2026-06-01 21:20:38,741 - pyswarms.single.global_best - INFO - Optimize for 200 iters with {'c1': 1.5, 'c2': 1.5, 'w': 0.7}
2026-06-01 21:20:38,980 - pyswarms.single.global_best - INFO - Optimization finished | best cost: 27942991.708773155, best pos: [238.74349442  90.81588052  84.80304473 138.37723927]
2026-06-01 21:24:49,855 - pyswarms.single.global_best - INFO - Optimize for 200 iters with {'c1': 1.5, 'c2': 1.5, 'w': 0.7}
2026-06-01 21:24:50,074 - pyswarms.single.global_best - INFO - Optimization finished | best cost: 27944890.05281395, best pos: [ 84.77647056 138.2523235  237.57769869  91.50243169]
2026-06-01 21:25:00,765 - pyswarms.single.global_best - INFO - Optimize for 200 iters with {'c1': 1.5, 'c2': 1.5, 'w': 0.7}
2026-06-01 21:25:01,022 - pyswarms.single.global_best - INFO - Optimization finished | best cost: 27946087.702188026, best pos: [239.0817131   90.36201154  84.65689241 138.50991865]
2026-06-01 21:25:06,013 - pyswarms.single.global_best - INFO - Optimize for 200 iters with {'c1': 1.5, 'c2': 1.5, 'w': 0.7}
2026-06-01 21:25:06,237 - pyswarms.single.global_best - INFO - Optimization finished | best cost: 27944749.59384535, best pos: [ 84.00972719 138.78370424 237.8610307   91.4536556 ]
2026-06-01 21:43:53,118 - pyswarms.single.global_best - INFO - Optimize for 200 iters with {'c1': 1.5, 'c2': 1.5, 'w': 0.7}
2026-06-01 21:43:53,430 - pyswarms.single.global_best - INFO - Optimization finished | best cost: 27944761.758001536, best pos: [238.13602518  91.22901866  84.24698575 139.06997953]
2026-06-02 01:44:40,812 - pyswarms.single.global_best - INFO - Optimize for 200 iters with {'c1': 1.5, 'c2': 1.5, 'w': 0.7}
2026-06-02 01:44:41,013 - pyswarms.single.global_best - INFO - Optimization finished | best cost: 120054461.79428393, best pos: [402.55568058 126.77688175 220.30085112 363.72774377 329.68788333
 262.34973061 120.30658822 444.49555145 331.64604522 365.33499526
 104.25298095  68.61465343]
2026-06-02 02:14:07,940 - pyswarms.single.global_best - INFO - Optimize for 200 iters with {'c1': 1.5, 'c2': 1.5, 'w': 0.7}
2026-06-02 02:14:08,081 - pyswarms.single.global_best - INFO - Optimization finished | best cost: 99868525.4106984, best pos: [381.90757449 241.69824048 113.66719439 483.28144969 181.86552909
 324.6011578  462.68834942 109.58282762 162.21461094  86.40056541
 209.72200888 229.59507195]
2026-06-23 21:30:30,534 - pyswarms.single.global_best - INFO - Optimize for 200 iters with {'c1': 1.5, 'c2': 1.5, 'w': 0.7}
2026-06-23 21:30:30,811 - pyswarms.single.global_best - INFO - Optimization finished | best cost: 87845443.29622917, best pos: [249.44809686  97.86979664  94.71538427 407.78449871 235.77686096
 269.37159226 178.23094049  54.69654661 443.09374051 204.61002158
 256.97838533 412.50384631]
2026-06-23 21:52:27,602 - pyswarms.single.global_best - INFO - Optimize for 200 iters with {'c1': 1.5, 'c2': 1.5, 'w': 0.7}
2026-06-23 21:52:27,867 - pyswarms.single.global_best - INFO - Optimization finished | best cost: 82858357.07516152, best pos: [231.39573942 223.47734614 325.75605812 217.66891988 249.49193078
 115.8118868  316.21017241  37.98270786 423.8478405  318.32253542
 283.52235847 425.49093672]
2026-06-23 21:52:45,380 - pyswarms.single.global_best - INFO - Optimize for 200 iters with {'c1': 1.5, 'c2': 1.5, 'w': 0.7}
2026-06-23 21:52:45,650 - pyswarms.single.global_best - INFO - Optimization finished | best cost: 113337468.15142336, best pos: [ 60.79314182 119.35276706 171.28977716 408.71623535 403.42874119
 395.50290855 351.94102153 163.44169042 256.12501557 127.23434135
  70.42055489 248.38849893]
2026-06-23 21:52:58,539 - pyswarms.single.global_best - INFO - Optimize for 200 iters with {'c1': 1.5, 'c2': 1.5, 'w': 0.7}
2026-06-23 21:52:58,804 - pyswarms.single.global_best - INFO - Optimization finished | best cost: 97456036.9655033, best pos: [231.22284111 252.34587774 186.19774207 251.90415305 402.75776536
 404.13565022 110.69169478 396.07533954  48.64670529 181.70260087
  43.4068377   90.18666837]
2026-06-23 21:53:21,698 - pyswarms.single.global_best - INFO - Optimize for 200 iters with {'c1': 1.5, 'c2': 1.5, 'w': 0.7}
2026-06-23 21:53:21,970 - pyswarms.single.global_best - INFO - Optimization finished | best cost: 104249007.36480948, best pos: [268.33978554 406.3940367   36.18848393 186.11615889 312.89526332
 125.83937576  48.7025836  386.53959185 183.67972335 346.31900724
 141.30854574 194.80321241]
2026-06-23 21:55:18,471 - pyswarms.single.global_best - INFO - Optimize for 200 iters with {'c1': 1.5, 'c2': 1.5, 'w': 0.7}
2026-06-23 21:55:18,740 - pyswarms.single.global_best - INFO - Optimization finished | best cost: 105322395.22775193, best pos: [425.00282106 154.45915742 431.03149585 438.54889839 202.20930853
 394.16554272  37.14372404 232.219701   267.72053864 332.93511238
 253.0142972  140.37399219]
2026-06-23 22:09:10,510 - pyswarms.single.global_best - INFO - Optimize for 200 iters with {'c1': 1.5, 'c2': 1.5, 'w': 0.7}
2026-06-23 22:09:10,770 - pyswarms.single.global_best - INFO - Optimization finished | best cost: 88465600.46798095, best pos: [224.01249585  64.60233158 472.39124404  80.32013787 401.2119367
 413.19970505 400.33636516 295.15231526  57.09418633 390.76643842
 143.64879113  39.60076776]
